<?xml version="1.0" encoding="UTF-8"?>
<testng-results ignored="0" total="2" passed="2" failed="0" skipped="0">
  <reporter-output>
  </reporter-output>
  <suite started-at="2024-02-19T19:08:04 PST" name="Default suite" finished-at="2024-02-19T19:09:11 PST" duration-ms="66945">
    <groups>
      <group name="cucumber">
        <method signature="AbstractTestNGCucumberTests.runScenario(io.cucumber.testng.PickleWrapper,io.cucumber.testng.FeatureWrapper)[pri:0, instance:Runners.TestRunner@6302bbb1]" name="runScenario" class="io.cucumber.testng.AbstractTestNGCucumberTests"/>
      </group> <!-- cucumber -->
    </groups>
    <test started-at="2024-02-19T19:08:04 PST" name="Default test" finished-at="2024-02-19T19:09:11 PST" duration-ms="66945">
      <class name="Runners.TestRunner">
        <test-method is-config="true" signature="setUpClass()[pri:0, instance:Runners.TestRunner@6302bbb1]" started-at="2024-02-19T19:08:04 PST" name="setUpClass" finished-at="2024-02-19T19:08:05 PST" duration-ms="684" status="PASS">
          <reporter-output>
          </reporter-output>
        </test-method> <!-- setUpClass -->
        <test-method is-config="true" signature="startBrowser()[pri:0, instance:Runners.TestRunner@6302bbb1]" started-at="2024-02-19T19:08:05 PST" name="startBrowser" finished-at="2024-02-19T19:08:09 PST" duration-ms="4288" status="PASS">
          <reporter-output>
          </reporter-output>
        </test-method> <!-- startBrowser -->
        <test-method signature="runScenario(io.cucumber.testng.PickleWrapper,io.cucumber.testng.FeatureWrapper)[pri:0, instance:Runners.TestRunner@6302bbb1]" started-at="2024-02-19T19:08:09 PST" name="runScenario" description="Runs Cucumber Scenarios" data-provider="scenarios" finished-at="2024-02-19T19:08:37 PST" duration-ms="27486" status="PASS">
          <params>
            <param index="0">
              <value>
                <![CDATA["Verify Implementation of linkedList in Python Functionalities for Positive and Negative Scenarios"]]>
              </value>
            </param>
            <param index="1">
              <value>
                <![CDATA["Optional[Verify the linkedList functionalities]"]]>
              </value>
            </param>
          </params>
          <reporter-output>
          </reporter-output>
        </test-method> <!-- runScenario -->
        <test-method is-config="true" signature="startBrowser()[pri:0, instance:Runners.TestRunner@6302bbb1]" started-at="2024-02-19T19:08:37 PST" name="startBrowser" finished-at="2024-02-19T19:08:39 PST" duration-ms="2477" status="PASS">
          <reporter-output>
          </reporter-output>
        </test-method> <!-- startBrowser -->
        <test-method signature="runScenario(io.cucumber.testng.PickleWrapper,io.cucumber.testng.FeatureWrapper)[pri:0, instance:Runners.TestRunner@6302bbb1]" started-at="2024-02-19T19:08:39 PST" name="runScenario" description="Runs Cucumber Scenarios" data-provider="scenarios" finished-at="2024-02-19T19:09:11 PST" duration-ms="31475" status="PASS">
          <params>
            <param index="0">
              <value>
                <![CDATA["Verify Implementation of linkedList in Python Functionalities for Positive and Negative Scenarios"]]>
              </value>
            </param>
            <param index="1">
              <value>
                <![CDATA["Optional[Verify the linkedList functionalities]"]]>
              </value>
            </param>
          </params>
          <reporter-output>
          </reporter-output>
        </test-method> <!-- runScenario -->
        <test-method is-config="true" signature="tearDownClass()[pri:0, instance:Runners.TestRunner@6302bbb1]" started-at="2024-02-19T19:09:11 PST" name="tearDownClass" finished-at="2024-02-19T19:09:11 PST" duration-ms="500" status="PASS">
          <reporter-output>
          </reporter-output>
        </test-method> <!-- tearDownClass -->
      </class> <!-- Runners.TestRunner -->
    </test> <!-- Default test -->
  </suite> <!-- Default suite -->
</testng-results>
