<?xml version="1.0" encoding="UTF-8"?>
<testng-results ignored="0" total="2" passed="2" failed="0" skipped="0">
  <reporter-output>
  </reporter-output>
  <suite started-at="2024-02-17T12:16:09 EST" name="Default suite" finished-at="2024-02-17T12:16:58 EST" duration-ms="48668">
    <groups>
      <group name="cucumber">
        <method signature="AbstractTestNGCucumberTests.runScenario(io.cucumber.testng.PickleWrapper,io.cucumber.testng.FeatureWrapper)[pri:0, instance:Runners.TestRunner@8458f04]" name="runScenario" class="io.cucumber.testng.AbstractTestNGCucumberTests"/>
      </group> <!-- cucumber -->
    </groups>
    <test started-at="2024-02-17T12:16:09 EST" name="Default test" finished-at="2024-02-17T12:16:58 EST" duration-ms="48668">
      <class name="Runners.TestRunner">
        <test-method is-config="true" signature="setUpClass()[pri:0, instance:Runners.TestRunner@8458f04]" started-at="2024-02-17T12:16:09 EST" name="setUpClass" finished-at="2024-02-17T12:16:10 EST" duration-ms="536" status="PASS">
          <reporter-output>
          </reporter-output>
        </test-method> <!-- setUpClass -->
        <test-method is-config="true" signature="startBrowser()[pri:0, instance:Runners.TestRunner@8458f04]" started-at="2024-02-17T12:16:10 EST" name="startBrowser" finished-at="2024-02-17T12:16:11 EST" duration-ms="1403" status="PASS">
          <reporter-output>
          </reporter-output>
        </test-method> <!-- startBrowser -->
        <test-method signature="runScenario(io.cucumber.testng.PickleWrapper,io.cucumber.testng.FeatureWrapper)[pri:0, instance:Runners.TestRunner@8458f04]" started-at="2024-02-17T12:16:11 EST" name="runScenario" description="Runs Cucumber Scenarios" data-provider="scenarios" finished-at="2024-02-17T12:16:30 EST" duration-ms="18564" status="PASS">
          <params>
            <param index="0">
              <value>
                <![CDATA["Verify Implementation of Queue in Python Functionalities for Positive and Negative Scenarios"]]>
              </value>
            </param>
            <param index="1">
              <value>
                <![CDATA["Optional[Verify the queue functionalities]"]]>
              </value>
            </param>
          </params>
          <reporter-output>
          </reporter-output>
        </test-method> <!-- runScenario -->
        <test-method is-config="true" signature="startBrowser()[pri:0, instance:Runners.TestRunner@8458f04]" started-at="2024-02-17T12:16:30 EST" name="startBrowser" finished-at="2024-02-17T12:16:31 EST" duration-ms="670" status="PASS">
          <reporter-output>
          </reporter-output>
        </test-method> <!-- startBrowser -->
        <test-method is-config="true" signature="tear()[pri:0, instance:Runners.TestRunner@8458f04]" started-at="2024-02-17T12:16:30 EST" name="tear" finished-at="2024-02-17T12:16:30 EST" duration-ms="0" status="PASS">
          <reporter-output>
          </reporter-output>
        </test-method> <!-- tear -->
        <test-method signature="runScenario(io.cucumber.testng.PickleWrapper,io.cucumber.testng.FeatureWrapper)[pri:0, instance:Runners.TestRunner@8458f04]" started-at="2024-02-17T12:16:31 EST" name="runScenario" description="Runs Cucumber Scenarios" data-provider="scenarios" finished-at="2024-02-17T12:16:58 EST" duration-ms="27013" status="PASS">
          <params>
            <param index="0">
              <value>
                <![CDATA["Verify Implementation of Queue in Python Functionalities for Positive and Negative Scenarios"]]>
              </value>
            </param>
            <param index="1">
              <value>
                <![CDATA["Optional[Verify the queue functionalities]"]]>
              </value>
            </param>
          </params>
          <reporter-output>
          </reporter-output>
        </test-method> <!-- runScenario -->
        <test-method is-config="true" signature="tear()[pri:0, instance:Runners.TestRunner@8458f04]" started-at="2024-02-17T12:16:58 EST" name="tear" finished-at="2024-02-17T12:16:58 EST" duration-ms="0" status="PASS">
          <reporter-output>
          </reporter-output>
        </test-method> <!-- tear -->
        <test-method is-config="true" signature="tearDownClass()[pri:0, instance:Runners.TestRunner@8458f04]" started-at="2024-02-17T12:16:58 EST" name="tearDownClass" finished-at="2024-02-17T12:16:58 EST" duration-ms="435" status="PASS">
          <reporter-output>
          </reporter-output>
        </test-method> <!-- tearDownClass -->
      </class> <!-- Runners.TestRunner -->
    </test> <!-- Default test -->
  </suite> <!-- Default suite -->
</testng-results>
